<?xml version="1.0" encoding="UTF-8"?>
<!-- Generated by org.testng.reporters.JUnitReportReporter -->
<testsuite hostname="LAPTOP-QN03CF62" failures="0" tests="3" name="March_Week1.LoginTests" time="0.017" errors="0" timestamp="2025-03-03T16:17:45 IST" skipped="0">
  <testcase classname="March_Week1.LoginTests" name="loginByEmail" time="0.015"/>
  <system-out/>
  <testcase classname="March_Week1.LoginTests" name="loginByFacebook" time="0.001"/>
  <system-out/>
  <testcase classname="March_Week1.LoginTests" name="loginBytwitter" time="0.001"/>
  <system-out/>
</testsuite> <!-- March_Week1.LoginTests -->
