<?xml version="1.0" encoding="UTF-8"?>
<!-- Generated by org.testng.reporters.JUnitReportReporter -->
<testsuite hostname="LAPTOP-QN03CF62" failures="0" tests="3" name="March_Week1.ParamTest" time="3.313" errors="0" timestamp="2025-03-04T10:50:54 IST" skipped="0">
  <testcase classname="March_Week1.ParamTest" name="testlogo" time="3.233"/>
  <system-out/>
  <testcase classname="March_Week1.ParamTest" name="testTitle" time="0.045"/>
  <system-out/>
  <testcase classname="March_Week1.ParamTest" name="testURL" time="0.035"/>
  <system-out/>
</testsuite> <!-- March_Week1.ParamTest -->
