<?xml version="1.0" encoding="UTF-8"?>
<!-- Generated by org.testng.reporters.JUnitReportReporter -->
<testsuite hostname="LAPTOP-QN03CF62" failures="0" tests="3" name="March_Week1.SignUpTests" time="0.019" errors="0" timestamp="2025-03-03T16:23:04 IST" skipped="0">
  <testcase classname="March_Week1.SignUpTests" name="signupbyemail" time="0.016"/>
  <system-out/>
  <testcase classname="March_Week1.SignUpTests" name="signupbyfacebook" time="0.002"/>
  <system-out/>
  <testcase classname="March_Week1.SignUpTests" name="signupbytwitter" time="0.001"/>
  <system-out/>
</testsuite> <!-- March_Week1.SignUpTests -->
