<?xml version="1.0" encoding="UTF-8"?>
<!-- Generated by org.testng.reporters.JUnitReportReporter -->
<testsuite hostname="LAPTOP-QN03CF62" failures="0" tests="3" name="March_Week1.FirstTestCase" time="0.005" errors="0" timestamp="2025-03-03T12:35:55 IST" skipped="0">
  <testcase classname="March_Week1.FirstTestCase" name="openapp" time="0.001"/>
  <system-out/>
  <testcase classname="March_Week1.FirstTestCase" name="login" time="0.003"/>
  <system-out/>
  <testcase classname="March_Week1.FirstTestCase" name="logout" time="0.001"/>
  <system-out/>
</testsuite> <!-- March_Week1.FirstTestCase -->
