<?xml version="1.0" encoding="UTF-8"?>
<!-- Generated by org.testng.reporters.JUnitReportReporter -->
<testsuite hostname="LAPTOP-QN03CF62" failures="0" tests="2" name="March_Week1.PaymentTests" time="0.018" errors="0" timestamp="2025-03-03T16:23:13 IST" skipped="0">
  <testcase classname="March_Week1.PaymentTests" name="paymentinRupees" time="0.016"/>
  <system-out/>
  <testcase classname="March_Week1.PaymentTests" name="paymentinDollars" time="0.002"/>
  <system-out/>
</testsuite> <!-- March_Week1.PaymentTests -->
