<?xml version="1.0" encoding="UTF-8"?>
<!-- Generated by org.testng.reporters.JUnitReportReporter -->
<testsuite hostname="LAPTOP-QN03CF62" failures="0" tests="4" name="March_Week1.OrangeHRMTest" time="50.838" errors="0" timestamp="2025-03-03T12:35:55 IST" skipped="0">
  <testcase classname="March_Week1.OrangeHRMTest" name="openapp" time="45.604"/>
  <system-out/>
  <testcase classname="March_Week1.OrangeHRMTest" name="testlogo" time="5.049"/>
  <system-out/>
  <testcase classname="March_Week1.OrangeHRMTest" name="testLogin" time="0.184"/>
  <system-out/>
  <testcase classname="March_Week1.OrangeHRMTest" name="CloseApp" time="0.001"/>
  <system-out/>
</testsuite> <!-- March_Week1.OrangeHRMTest -->
