<?xml version="1.0" encoding="UTF-8"?>
<!-- Generated by org.testng.reporters.JUnitReportReporter -->
<testsuite hostname="LAPTOP-QN03CF62" failures="0" tests="3" name="Grouping.SignUpTests" time="0.005" errors="0" timestamp="2025-03-03T16:38:53 IST" skipped="0">
  <testcase classname="Grouping.SignUpTests" name="signupbyemail" time="0.001"/>
  <system-out/>
  <testcase classname="Grouping.SignUpTests" name="signupbyfacebook" time="0.003"/>
  <system-out/>
  <testcase classname="Grouping.SignUpTests" name="signupbytwitter" time="0.001"/>
  <system-out/>
</testsuite> <!-- Grouping.SignUpTests -->
