<?xml version="1.0" encoding="UTF-8"?>
<!-- Generated by org.testng.reporters.JUnitReportReporter -->
<testsuite hostname="LAPTOP-QN03CF62" failures="0" tests="2" name="Grouping.PaymentTests" time="0.015" errors="0" timestamp="2025-03-03T16:56:51 IST" skipped="0">
  <testcase classname="Grouping.PaymentTests" name="paymentinRupees" time="0.014"/>
  <system-out/>
  <testcase classname="Grouping.PaymentTests" name="paymentinDollars" time="0.001"/>
  <system-out/>
</testsuite> <!-- Grouping.PaymentTests -->
