<?xml version="1.0" encoding="UTF-8"?>
<!-- Generated by org.testng.reporters.JUnitReportReporter -->
<testsuite hostname="LAPTOP-QN03CF62" failures="0" tests="2" name="March_Week1.AnnotationsDemo1" time="0.018" errors="0" timestamp="2025-03-03T12:38:34 IST" skipped="0">
  <testcase classname="March_Week1.AnnotationsDemo1" name="advancedsearch" time="0.011"/>
  <system-out/>
  <testcase classname="March_Week1.AnnotationsDemo1" name="search" time="0.007"/>
  <system-out/>
</testsuite> <!-- March_Week1.AnnotationsDemo1 -->
