<?xml version="1.0" encoding="UTF-8"?>
<!-- Generated by org.testng.reporters.JUnitReportReporter -->
<testsuite hostname="LAPTOP-QN03CF62" failures="0" tests="2" name="AnnotationsDemo3.AllAnnotations" time="0.011" errors="0" timestamp="2025-03-03T14:43:19 IST" skipped="0">
  <testcase classname="AnnotationsDemo3.AllAnnotations" name="tm1" time="0.010"/>
  <system-out/>
  <testcase classname="AnnotationsDemo3.AllAnnotations" name="tm2" time="0.001"/>
  <system-out/>
</testsuite> <!-- AnnotationsDemo3.AllAnnotations -->
