<?xml version="1.0" encoding="UTF-8"?>
<testng-results ignored="0" total="1" passed="1" failed="0" skipped="0">
  <reporter-output>
  </reporter-output>
  <suite started-at="2025-03-05T11:54:06 IST" name="Suite" finished-at="2025-03-05T11:54:49 IST" duration-ms="43113">
    <groups>
    </groups>
    <test started-at="2025-03-05T11:54:06 IST" name="Test" finished-at="2025-03-05T11:54:49 IST" duration-ms="43113">
      <class name="POM_PatternDemo.LoginTest">
        <test-method is-config="true" signature="setup()[pri:0, instance:POM_PatternDemo.LoginTest@692f203f]" started-at="2025-03-05T11:54:06 IST" name="setup" finished-at="2025-03-05T11:54:42 IST" duration-ms="36278" status="PASS">
          <reporter-output>
          </reporter-output>
        </test-method> <!-- setup -->
        <test-method signature="testLogin()[pri:0, instance:POM_PatternDemo.LoginTest@692f203f]" started-at="2025-03-05T11:54:42 IST" name="testLogin" finished-at="2025-03-05T11:54:49 IST" duration-ms="6792" status="PASS">
          <reporter-output>
          </reporter-output>
        </test-method> <!-- testLogin -->
        <test-method is-config="true" signature="tearDown()[pri:0, instance:POM_PatternDemo.LoginTest@692f203f]" started-at="2025-03-05T11:54:49 IST" name="tearDown" finished-at="2025-03-05T11:54:49 IST" duration-ms="0" status="PASS">
          <reporter-output>
          </reporter-output>
        </test-method> <!-- tearDown -->
      </class> <!-- POM_PatternDemo.LoginTest -->
    </test> <!-- Test -->
  </suite> <!-- Suite -->
</testng-results>
