<?xml version="1.0" encoding="UTF-8"?>
<!-- Generated by org.testng.reporters.JUnitReportReporter -->
<testsuite hostname="LAPTOP-QN03CF62" failures="0" tests="4" name="March_Week2.HttpRequests" time="4.962" errors="0" timestamp="2025-03-12T12:49:52 IST" skipped="0">
  <testcase classname="March_Week2.HttpRequests" name="getUsers" time="2.584"/>
  <testcase classname="March_Week2.HttpRequests" name="createUser" time="0.763"/>
  <testcase classname="March_Week2.HttpRequests" name="updateUser" time="0.406"/>
  <testcase classname="March_Week2.HttpRequests" name="deleteUser" time="1.209"/>
</testsuite> <!-- March_Week2.HttpRequests -->
