<?xml version="1.0" encoding="UTF-8"?>
<!-- Generated by org.testng.reporters.JUnitReportReporter -->
<testsuite hostname="LAPTOP-QN03CF62" failures="0" tests="6" name="March_Week2.Authentications" time="18.114" errors="0" timestamp="2025-03-13T14:44:37 IST" skipped="0">
  <testcase classname="March_Week2.Authentications" name="testBasicAuthentication" time="6.473"/>
  <testcase classname="March_Week2.Authentications" name="testDigestAuthentication" time="3.864"/>
  <testcase classname="March_Week2.Authentications" name="testPreemptiveAuthentication" time="3.580"/>
  <testcase classname="March_Week2.Authentications" name="testBearerTokenAuthentication" time="1.637"/>
  <testcase classname="March_Week2.Authentications" name="testOAuth2Authentication" time="1.108"/>
  <testcase classname="March_Week2.Authentications" name="testAPIKeyAuthentication" time="1.452"/>
</testsuite> <!-- March_Week2.Authentications -->
