<?xml version="1.0" encoding="UTF-8"?>
<!-- Generated by org.testng.reporters.JUnitXMLReporter -->
<testsuite ignored="0" hostname="LAPTOP-QN03CF62" failures="0" tests="3" name="chromeTest" time="11.983" errors="0" timestamp="2025-03-04T12:09:54 IST">
  <testcase classname="Parameterization_2.ParamTest" name="testlogo" time="3.188"/>
  <testcase classname="Parameterization_2.ParamTest" name="testTitle" time="0.058"/>
  <testcase classname="Parameterization_2.ParamTest" name="testURL" time="0.019"/>
</testsuite> <!-- chromeTest -->
