<?xml version="1.0" encoding="UTF-8"?>
<!-- Generated by org.testng.reporters.JUnitXMLReporter -->
<testsuite ignored="0" hostname="LAPTOP-QN03CF62" failures="1" tests="3" name="edgeTest" time="17.556" errors="0" timestamp="2025-03-04T12:09:59 IST">
  <testcase classname="Parameterization_2.ParamTest" name="testlogo" time="3.975">
    <failure type="java.lang.AssertionError" message="expected [true] but found [false]">
      <![CDATA[java.lang.AssertionError: expected [true] but found [false]
at Parameterization_2.ParamTest.testlogo(ParamTest.java:37)
at java.base/java.util.ArrayList.forEach(ArrayList.java:1597)
at java.base/java.util.concurrent.FutureTask.run(FutureTask.java:317)
at java.base/java.util.concurrent.ThreadPoolExecutor.runWorker(ThreadPoolExecutor.java:1144)
at java.base/java.util.concurrent.ThreadPoolExecutor$Worker.run(ThreadPoolExecutor.java:642)
at java.base/java.lang.Thread.run(Thread.java:1575)
... Removed 22 stack frames]]>
    </failure>
  </testcase> <!-- testlogo -->
  <testcase classname="Parameterization_2.ParamTest" name="testTitle" time="0.013"/>
  <testcase classname="Parameterization_2.ParamTest" name="testURL" time="0.011"/>
</testsuite> <!-- edgeTest -->
