<?xml version="1.0" encoding="UTF-8"?>
<!-- Generated by org.testng.reporters.JUnitXMLReporter -->
<testsuite ignored="0" hostname="LAPTOP-QN03CF62" failures="1" tests="3" name="Test" time="13.205" errors="0" timestamp="2025-03-04T21:48:31 IST">
  <testcase classname="ListenersDemo.OrangeHRM" name="testlogo" time="3.091"/>
  <testcase classname="ListenersDemo.OrangeHRM" name="testAppurl" time="0.015">
    <failure type="java.lang.AssertionError" message="expected [https://google.com] but found [https://opensource-demo.orangehrmlive.com/web/index.php/auth/login]">
      <![CDATA[java.lang.AssertionError: expected [https://google.com] but found [https://opensource-demo.orangehrmlive.com/web/index.php/auth/login]
at ListenersDemo.OrangeHRM.testAppurl(OrangeHRM.java:35)
at java.base/java.util.ArrayList.forEach(ArrayList.java:1597)
... Removed 31 stack frames]]>
    </failure>
  </testcase> <!-- testAppurl -->
  <testcase classname="ListenersDemo.OrangeHRM" name="testHomePageTitle" time="0.0">
    <skipped/>
  </testcase> <!-- testHomePageTitle -->
</testsuite> <!-- Test -->
