<?xml version="1.0" encoding="UTF-8"?>
<testng-results ignored="0" total="4" passed="4" failed="0" skipped="0">
  <reporter-output>
  </reporter-output>
  <suite started-at="2025-03-13T16:49:20 IST" name="Suite" finished-at="2025-03-13T16:49:50 IST" duration-ms="29262">
    <groups>
    </groups>
    <test started-at="2025-03-13T16:49:20 IST" name="Test" finished-at="2025-03-13T16:49:50 IST" duration-ms="29262">
      <class name="RestAssureChaining.UpdateUser">
        <test-method signature="test_updateUser(org.testng.ITestContext)[pri:0, instance:RestAssureChaining.UpdateUser@7eac9008]" started-at="2025-03-13T16:49:47 IST" name="test_updateUser" finished-at="2025-03-13T16:49:48 IST" duration-ms="1154" status="PASS">
          <params>
            <param index="0">
              <value>
                <![CDATA[org.testng.TestRunner@2fd1433e]]>
              </value>
            </param>
          </params>
          <reporter-output>
          </reporter-output>
        </test-method> <!-- test_updateUser -->
      </class> <!-- RestAssureChaining.UpdateUser -->
      <class name="RestAssureChaining.Createuser">
        <test-method signature="test_createUser(org.testng.ITestContext)[pri:0, instance:RestAssureChaining.Createuser@5bda8e08]" started-at="2025-03-13T16:49:20 IST" name="test_createUser" finished-at="2025-03-13T16:49:46 IST" duration-ms="25165" status="PASS">
          <params>
            <param index="0">
              <value>
                <![CDATA[org.testng.TestRunner@2fd1433e]]>
              </value>
            </param>
          </params>
          <reporter-output>
          </reporter-output>
        </test-method> <!-- test_createUser -->
      </class> <!-- RestAssureChaining.Createuser -->
      <class name="RestAssureChaining.DeleteUser">
        <test-method signature="test_deleteUser(org.testng.ITestContext)[pri:0, instance:RestAssureChaining.DeleteUser@4116aac9]" started-at="2025-03-13T16:49:48 IST" name="test_deleteUser" finished-at="2025-03-13T16:49:50 IST" duration-ms="1259" status="PASS">
          <params>
            <param index="0">
              <value>
                <![CDATA[org.testng.TestRunner@2fd1433e]]>
              </value>
            </param>
          </params>
          <reporter-output>
          </reporter-output>
        </test-method> <!-- test_deleteUser -->
      </class> <!-- RestAssureChaining.DeleteUser -->
      <class name="RestAssureChaining.GetUser">
        <test-method signature="test_getUser(org.testng.ITestContext)[pri:0, instance:RestAssureChaining.GetUser@1fa121e2]" started-at="2025-03-13T16:49:46 IST" name="test_getUser" finished-at="2025-03-13T16:49:47 IST" duration-ms="1613" status="PASS">
          <params>
            <param index="0">
              <value>
                <![CDATA[org.testng.TestRunner@2fd1433e]]>
              </value>
            </param>
          </params>
          <reporter-output>
          </reporter-output>
        </test-method> <!-- test_getUser -->
      </class> <!-- RestAssureChaining.GetUser -->
    </test> <!-- Test -->
  </suite> <!-- Suite -->
</testng-results>
