<?xml version="1.0" encoding="UTF-8"?>
<!-- Generated by org.testng.reporters.JUnitXMLReporter -->
<testsuite ignored="0" hostname="LAPTOP-QN03CF62" failures="0" tests="4" name="Test" time="29.262" errors="0" timestamp="2025-03-13T16:49:50 IST">
  <testcase classname="RestAssureChaining.Createuser" name="test_createUser" time="25.165"/>
  <testcase classname="RestAssureChaining.GetUser" name="test_getUser" time="1.613"/>
  <testcase classname="RestAssureChaining.UpdateUser" name="test_updateUser" time="1.154"/>
  <testcase classname="RestAssureChaining.DeleteUser" name="test_deleteUser" time="1.259"/>
</testsuite> <!-- Test -->
