<?xml version="1.0" encoding="UTF-8"?>
<!-- Generated by org.testng.reporters.JUnitXMLReporter -->
<testsuite ignored="0" hostname="LAPTOP-QN03CF62" failures="0" tests="7" name="my tests" time="50.891" errors="0" timestamp="2025-03-03T12:35:55 IST">
  <testcase classname="March_Week1.OrangeHRMTest" name="openapp" time="45.604"/>
  <testcase classname="March_Week1.OrangeHRMTest" name="testlogo" time="5.049"/>
  <testcase classname="March_Week1.OrangeHRMTest" name="testLogin" time="0.184"/>
  <testcase classname="March_Week1.OrangeHRMTest" name="CloseApp" time="0.001"/>
  <testcase classname="March_Week1.FirstTestCase" name="openapp" time="0.001"/>
  <testcase classname="March_Week1.FirstTestCase" name="login" time="0.003"/>
  <testcase classname="March_Week1.FirstTestCase" name="logout" time="0.001"/>
</testsuite> <!-- my tests -->
